22:49:22.653 INFO  - initializing database
22:49:22.653 INFO  - filtering OSM file
22:49:23.059 INFO  - It will be checked if ways overlap each other.
22:49:23.059 INFO  - creating connections: 1.00%
22:49:23.075 INFO  - creating connections: 2.00%
22:49:23.075 INFO  - creating connections: 3.00%
22:49:23.075 INFO  - creating connections: 4.00%
22:49:23.075 INFO  - creating connections: 5.00%
22:49:23.075 INFO  - creating connections: 6.00%
22:49:23.075 INFO  - creating connections: 7.00%
22:49:23.075 INFO  - creating connections: 8.00%
22:49:23.075 INFO  - creating connections: 9.00%
22:49:23.075 INFO  - creating connections: 10.00%
22:49:23.075 INFO  - creating connections: 11.00%
22:49:23.075 INFO  - creating connections: 12.00%
22:49:23.075 INFO  - creating connections: 13.00%
22:49:23.075 INFO  - creating connections: 14.00%
22:49:23.075 INFO  - creating connections: 15.00%
22:49:23.075 INFO  - creating connections: 16.00%
22:49:23.075 INFO  - creating connections: 17.00%
22:49:23.075 INFO  - creating connections: 18.00%
22:49:23.075 INFO  - creating connections: 19.00%
22:49:23.075 INFO  - creating connections: 20.00%
22:49:23.075 INFO  - creating connections: 21.00%
22:49:23.075 INFO  - creating connections: 22.00%
22:49:23.075 INFO  - creating connections: 23.00%
22:49:23.075 INFO  - creating connections: 24.00%
22:49:23.075 INFO  - creating connections: 25.00%
22:49:23.075 INFO  - creating connections: 26.00%
22:49:23.075 INFO  - creating connections: 27.00%
22:49:23.075 INFO  - creating connections: 28.00%
22:49:23.075 INFO  - creating connections: 29.00%
22:49:23.075 INFO  - creating connections: 30.00%
22:49:23.075 INFO  - creating connections: 31.00%
22:49:23.075 INFO  - creating connections: 32.00%
22:49:23.075 INFO  - creating connections: 34.00%
22:49:23.075 INFO  - creating connections: 35.00%
22:49:23.075 INFO  - creating connections: 36.00%
22:49:23.075 INFO  - creating connections: 37.00%
22:49:23.075 INFO  - creating connections: 38.00%
22:49:23.075 INFO  - creating connections: 39.00%
22:49:23.075 INFO  - creating connections: 40.00%
22:49:23.075 INFO  - creating connections: 41.00%
22:49:23.075 INFO  - creating connections: 42.00%
22:49:23.075 INFO  - creating connections: 43.00%
22:49:23.075 INFO  - creating connections: 44.00%
22:49:23.075 INFO  - creating connections: 45.00%
22:49:23.075 INFO  - creating connections: 46.00%
22:49:23.075 INFO  - creating connections: 47.00%
22:49:23.075 INFO  - creating connections: 48.00%
22:49:23.075 INFO  - creating connections: 49.00%
22:49:23.075 INFO  - creating connections: 50.00%
22:49:23.075 INFO  - creating connections: 51.00%
22:49:23.075 INFO  - creating connections: 52.00%
22:49:23.075 INFO  - creating connections: 53.00%
22:49:23.075 INFO  - creating connections: 54.00%
22:49:23.075 INFO  - creating connections: 55.00%
22:49:23.075 INFO  - creating connections: 56.00%
22:49:23.075 INFO  - creating connections: 57.00%
22:49:23.075 INFO  - creating connections: 58.00%
22:49:23.075 INFO  - creating connections: 59.00%
22:49:23.075 INFO  - creating connections: 60.00%
22:49:23.075 INFO  - creating connections: 61.00%
22:49:23.075 INFO  - creating connections: 62.00%
22:49:23.075 INFO  - creating connections: 63.00%
22:49:23.075 INFO  - creating connections: 64.00%
22:49:23.075 INFO  - creating connections: 65.00%
22:49:23.075 INFO  - creating connections: 67.00%
22:49:23.075 INFO  - creating connections: 68.00%
22:49:23.075 INFO  - creating connections: 69.00%
22:49:23.075 INFO  - creating connections: 70.00%
22:49:23.075 INFO  - creating connections: 71.00%
22:49:23.075 INFO  - creating connections: 72.00%
22:49:23.075 INFO  - creating connections: 73.00%
22:49:23.075 INFO  - creating connections: 74.00%
22:49:23.075 INFO  - creating connections: 75.00%
22:49:23.075 INFO  - creating connections: 76.00%
22:49:23.075 INFO  - creating connections: 77.00%
22:49:23.075 INFO  - creating connections: 78.00%
22:49:23.075 INFO  - creating connections: 79.00%
22:49:23.075 INFO  - creating connections: 80.00%
22:49:23.075 INFO  - creating connections: 81.00%
22:49:23.075 INFO  - creating connections: 82.00%
22:49:23.075 INFO  - creating connections: 83.00%
22:49:23.075 INFO  - creating connections: 84.00%
22:49:23.075 INFO  - creating connections: 85.00%
22:49:23.075 INFO  - creating connections: 86.00%
22:49:23.075 INFO  - creating connections: 87.00%
22:49:23.075 INFO  - creating connections: 88.00%
22:49:23.075 INFO  - creating connections: 89.00%
22:49:23.075 INFO  - creating connections: 90.00%
22:49:23.075 INFO  - creating connections: 91.00%
22:49:23.075 INFO  - creating connections: 92.00%
22:49:23.075 INFO  - creating connections: 93.00%
22:49:23.075 INFO  - creating connections: 94.00%
22:49:23.075 INFO  - creating connections: 95.00%
22:49:23.075 INFO  - creating connections: 96.00%
22:49:23.091 INFO  - creating connections: 97.00%
22:49:23.091 INFO  - creating connections: 98.00%
22:49:23.091 INFO  - creating connections: 100.00%
22:49:23.091 WARN  - Didn't find ways or node for restriction (outside of scope?), restriction will be ignored for node id: 11595206
22:49:23.091 WARN  - Didn't find ways or node for restriction (outside of scope?), restriction will be ignored for node id: 14600959
22:49:23.341 INFO  - Saving 540 nodes...
22:49:23.356 INFO  - Saving 97 ways...
22:49:23.388 INFO  - Saving 369 connections...
22:49:23.403 INFO  - Saving 1 restrictions...
22:49:23.419 INFO  - Saving 0 routes...
22:49:23.419 INFO  - Saving 0 roundabouts...
22:49:23.419 INFO  - Saving 0 buildings...
22:49:23.419 INFO  - Create Indices
22:49:23.419 ERROR - error while trying to write database content: [SQLITE_ERROR] SQL error or missing database (no such table: main.BuildingCorner)
22:49:23.419 INFO  - finished
